<?xml version="1.0" encoding="UTF-8"?>
<testsuite xmlns:xsi="http://www.w3.org/2001/XMLSchema-instance" xsi:noNamespaceSchemaLocation="https://maven.apache.org/surefire/maven-surefire-plugin/xsd/surefire-test-report-3.0.xsd" version="3.0" name="AccountConcurrencyIntegrationTest" time="0.297" tests="2" errors="0" skipped="0" failures="0">
  <properties>
    <property name="java.specification.version" value="24"/>
    <property name="sun.jnu.encoding" value="UTF-8"/>
    <property name="java.class.path" value="/home/hamza/projects/banking-system/integration-tests/target/test-classes:/home/hamza/projects/banking-system/integration-tests/target/classes:/home/hamza/.m2/repository/org/junit/jupiter/junit-jupiter/5.10.0/junit-jupiter-5.10.0.jar:/home/hamza/.m2/repository/org/junit/jupiter/junit-jupiter-api/5.10.0/junit-jupiter-api-5.10.0.jar:/home/hamza/.m2/repository/org/opentest4j/opentest4j/1.3.0/opentest4j-1.3.0.jar:/home/hamza/.m2/repository/org/junit/platform/junit-platform-commons/1.10.0/junit-platform-commons-1.10.0.jar:/home/hamza/.m2/repository/org/apiguardian/apiguardian-api/1.1.2/apiguardian-api-1.1.2.jar:/home/hamza/.m2/repository/org/junit/jupiter/junit-jupiter-params/5.10.0/junit-jupiter-params-5.10.0.jar:/home/hamza/.m2/repository/org/junit/jupiter/junit-jupiter-engine/5.10.0/junit-jupiter-engine-5.10.0.jar:/home/hamza/.m2/repository/org/junit/platform/junit-platform-engine/1.10.0/junit-platform-engine-1.10.0.jar:/home/hamza/.m2/repository/io/rest-assured/rest-assured/5.4.0/rest-assured-5.4.0.jar:/home/hamza/.m2/repository/org/apache/groovy/groovy/4.0.16/groovy-4.0.16.jar:/home/hamza/.m2/repository/org/apache/groovy/groovy-xml/4.0.16/groovy-xml-4.0.16.jar:/home/hamza/.m2/repository/org/apache/httpcomponents/httpclient/4.5.13/httpclient-4.5.13.jar:/home/hamza/.m2/repository/org/apache/httpcomponents/httpcore/4.4.13/httpcore-4.4.13.jar:/home/hamza/.m2/repository/commons-logging/commons-logging/1.2/commons-logging-1.2.jar:/home/hamza/.m2/repository/commons-codec/commons-codec/1.11/commons-codec-1.11.jar:/home/hamza/.m2/repository/org/apache/httpcomponents/httpmime/4.5.13/httpmime-4.5.13.jar:/home/hamza/.m2/repository/org/hamcrest/hamcrest/2.2/hamcrest-2.2.jar:/home/hamza/.m2/repository/org/ccil/cowan/tagsoup/tagsoup/1.2.1/tagsoup-1.2.1.jar:/home/hamza/.m2/repository/io/rest-assured/json-path/5.4.0/json-path-5.4.0.jar:/home/hamza/.m2/repository/org/apache/groovy/groovy-json/4.0.16/groovy-json-4.0.16.jar:/home/hamza/.m2/repository/io/rest-assured/rest-assured-common/5.4.0/rest-assured-common-5.4.0.jar:/home/hamza/.m2/repository/io/rest-assured/xml-path/5.4.0/xml-path-5.4.0.jar:/home/hamza/.m2/repository/org/apache/commons/commons-lang3/3.11/commons-lang3-3.11.jar:/home/hamza/.m2/repository/com/fasterxml/jackson/core/jackson-databind/2.17.0/jackson-databind-2.17.0.jar:/home/hamza/.m2/repository/com/fasterxml/jackson/core/jackson-annotations/2.17.0/jackson-annotations-2.17.0.jar:/home/hamza/.m2/repository/com/fasterxml/jackson/core/jackson-core/2.17.0/jackson-core-2.17.0.jar:/home/hamza/.m2/repository/net/bytebuddy/byte-buddy/1.14.9/byte-buddy-1.14.9.jar:/home/hamza/.m2/repository/org/apache/kafka/kafka-clients/3.7.0/kafka-clients-3.7.0.jar:/home/hamza/.m2/repository/com/github/luben/zstd-jni/1.5.5-6/zstd-jni-1.5.5-6.jar:/home/hamza/.m2/repository/org/lz4/lz4-java/1.8.0/lz4-java-1.8.0.jar:/home/hamza/.m2/repository/org/xerial/snappy/snappy-java/1.1.10.5/snappy-java-1.1.10.5.jar:/home/hamza/.m2/repository/org/slf4j/slf4j-api/1.7.36/slf4j-api-1.7.36.jar:/home/hamza/.m2/repository/com/google/protobuf/protobuf-java/3.25.3/protobuf-java-3.25.3.jar:"/>
    <property name="java.vm.vendor" value="Oracle Corporation"/>
    <property name="sun.arch.data.model" value="64"/>
    <property name="java.vendor.url" value="https://java.oracle.com/"/>
    <property name="user.timezone" value="Europe/Berlin"/>
    <property name="os.name" value="Linux"/>
    <property name="java.vm.specification.version" value="24"/>
    <property name="sun.java.launcher" value="SUN_STANDARD"/>
    <property name="user.country" value="DE"/>
    <property name="sun.boot.library.path" value="/home/hamza/.jdks/openjdk-24.0.1/lib"/>
    <property name="sun.java.command" value="/home/hamza/projects/banking-system/integration-tests/target/surefire/surefirebooter-20250809001534270_3.jar /home/hamza/projects/banking-system/integration-tests/target/surefire 2025-08-09T00-15-34_191-jvmRun1 surefire-20250809001534270_1tmp surefire_0-20250809001534270_2tmp"/>
    <property name="jdk.debug" value="release"/>
    <property name="surefire.test.class.path" value="/home/hamza/projects/banking-system/integration-tests/target/test-classes:/home/hamza/projects/banking-system/integration-tests/target/classes:/home/hamza/.m2/repository/org/junit/jupiter/junit-jupiter/5.10.0/junit-jupiter-5.10.0.jar:/home/hamza/.m2/repository/org/junit/jupiter/junit-jupiter-api/5.10.0/junit-jupiter-api-5.10.0.jar:/home/hamza/.m2/repository/org/opentest4j/opentest4j/1.3.0/opentest4j-1.3.0.jar:/home/hamza/.m2/repository/org/junit/platform/junit-platform-commons/1.10.0/junit-platform-commons-1.10.0.jar:/home/hamza/.m2/repository/org/apiguardian/apiguardian-api/1.1.2/apiguardian-api-1.1.2.jar:/home/hamza/.m2/repository/org/junit/jupiter/junit-jupiter-params/5.10.0/junit-jupiter-params-5.10.0.jar:/home/hamza/.m2/repository/org/junit/jupiter/junit-jupiter-engine/5.10.0/junit-jupiter-engine-5.10.0.jar:/home/hamza/.m2/repository/org/junit/platform/junit-platform-engine/1.10.0/junit-platform-engine-1.10.0.jar:/home/hamza/.m2/repository/io/rest-assured/rest-assured/5.4.0/rest-assured-5.4.0.jar:/home/hamza/.m2/repository/org/apache/groovy/groovy/4.0.16/groovy-4.0.16.jar:/home/hamza/.m2/repository/org/apache/groovy/groovy-xml/4.0.16/groovy-xml-4.0.16.jar:/home/hamza/.m2/repository/org/apache/httpcomponents/httpclient/4.5.13/httpclient-4.5.13.jar:/home/hamza/.m2/repository/org/apache/httpcomponents/httpcore/4.4.13/httpcore-4.4.13.jar:/home/hamza/.m2/repository/commons-logging/commons-logging/1.2/commons-logging-1.2.jar:/home/hamza/.m2/repository/commons-codec/commons-codec/1.11/commons-codec-1.11.jar:/home/hamza/.m2/repository/org/apache/httpcomponents/httpmime/4.5.13/httpmime-4.5.13.jar:/home/hamza/.m2/repository/org/hamcrest/hamcrest/2.2/hamcrest-2.2.jar:/home/hamza/.m2/repository/org/ccil/cowan/tagsoup/tagsoup/1.2.1/tagsoup-1.2.1.jar:/home/hamza/.m2/repository/io/rest-assured/json-path/5.4.0/json-path-5.4.0.jar:/home/hamza/.m2/repository/org/apache/groovy/groovy-json/4.0.16/groovy-json-4.0.16.jar:/home/hamza/.m2/repository/io/rest-assured/rest-assured-common/5.4.0/rest-assured-common-5.4.0.jar:/home/hamza/.m2/repository/io/rest-assured/xml-path/5.4.0/xml-path-5.4.0.jar:/home/hamza/.m2/repository/org/apache/commons/commons-lang3/3.11/commons-lang3-3.11.jar:/home/hamza/.m2/repository/com/fasterxml/jackson/core/jackson-databind/2.17.0/jackson-databind-2.17.0.jar:/home/hamza/.m2/repository/com/fasterxml/jackson/core/jackson-annotations/2.17.0/jackson-annotations-2.17.0.jar:/home/hamza/.m2/repository/com/fasterxml/jackson/core/jackson-core/2.17.0/jackson-core-2.17.0.jar:/home/hamza/.m2/repository/net/bytebuddy/byte-buddy/1.14.9/byte-buddy-1.14.9.jar:/home/hamza/.m2/repository/org/apache/kafka/kafka-clients/3.7.0/kafka-clients-3.7.0.jar:/home/hamza/.m2/repository/com/github/luben/zstd-jni/1.5.5-6/zstd-jni-1.5.5-6.jar:/home/hamza/.m2/repository/org/lz4/lz4-java/1.8.0/lz4-java-1.8.0.jar:/home/hamza/.m2/repository/org/xerial/snappy/snappy-java/1.1.10.5/snappy-java-1.1.10.5.jar:/home/hamza/.m2/repository/org/slf4j/slf4j-api/1.7.36/slf4j-api-1.7.36.jar:/home/hamza/.m2/repository/com/google/protobuf/protobuf-java/3.25.3/protobuf-java-3.25.3.jar:"/>
    <property name="sun.cpu.endian" value="little"/>
    <property name="user.home" value="/home/hamza"/>
    <property name="user.language" value="de"/>
    <property name="java.specification.vendor" value="Oracle Corporation"/>
    <property name="java.version.date" value="2025-04-15"/>
    <property name="java.home" value="/home/hamza/.jdks/openjdk-24.0.1"/>
    <property name="file.separator" value="/"/>
    <property name="basedir" value="/home/hamza/projects/banking-system/integration-tests"/>
    <property name="java.vm.compressedOopsMode" value="Zero based"/>
    <property name="line.separator" value="&#10;"/>
    <property name="java.specification.name" value="Java Platform API Specification"/>
    <property name="java.vm.specification.vendor" value="Oracle Corporation"/>
    <property name="surefire.real.class.path" value="/home/hamza/projects/banking-system/integration-tests/target/surefire/surefirebooter-20250809001534270_3.jar"/>
    <property name="sun.management.compiler" value="HotSpot 64-Bit Tiered Compilers"/>
    <property name="java.runtime.version" value="24.0.1+9-30"/>
    <property name="user.name" value="hamza"/>
    <property name="stdout.encoding" value="UTF-8"/>
    <property name="path.separator" value=":"/>
    <property name="os.version" value="5.15.0-139-generic"/>
    <property name="java.runtime.name" value="OpenJDK Runtime Environment"/>
    <property name="file.encoding" value="UTF-8"/>
    <property name="java.vm.name" value="OpenJDK 64-Bit Server VM"/>
    <property name="localRepository" value="/home/hamza/.m2/repository"/>
    <property name="java.vendor.url.bug" value="https://bugreport.java.com/bugreport/"/>
    <property name="java.io.tmpdir" value="/tmp"/>
    <property name="idea.version" value="2025.1.2"/>
    <property name="java.version" value="24.0.1"/>
    <property name="user.dir" value="/home/hamza/projects/banking-system/integration-tests"/>
    <property name="os.arch" value="amd64"/>
    <property name="java.vm.specification.name" value="Java Virtual Machine Specification"/>
    <property name="native.encoding" value="UTF-8"/>
    <property name="java.library.path" value="/usr/java/packages/lib:/usr/lib64:/lib64:/lib:/usr/lib"/>
    <property name="java.vm.info" value="mixed mode, sharing"/>
    <property name="stderr.encoding" value="UTF-8"/>
    <property name="java.vendor" value="Oracle Corporation"/>
    <property name="java.vm.version" value="24.0.1+9-30"/>
    <property name="sun.io.unicode.encoding" value="UnicodeLittle"/>
    <property name="java.class.version" value="68.0"/>
  </properties>
  <testcase name="concurrentWithdrawals_shouldOnlyAllowOne" classname="AccountConcurrencyIntegrationTest" time="0.108">
    <system-out><![CDATA[🧾 Final balance after concurrent withdrawals: 200,00
]]></system-out>
  </testcase>
  <testcase name="concurrentDeposits_shouldBothSucceedAndUpdateBalance" classname="AccountConcurrencyIntegrationTest" time="0.146">
    <system-out><![CDATA[💰 Final balance after concurrent deposits: 2000,00
]]></system-out>
  </testcase>
</testsuite>